<?xml version="1.0" encoding="UTF-8"?>
<!-- Generated by org.testng.reporters.JUnitReportReporter -->
<testsuite hostname="AFMLHO-WS02" failures="0" tests="1" name="BdTest.FirstProject.MyLocator" time="14.934" errors="0" timestamp="2024-10-05T11:31:29 BDT" skipped="0">
  <testcase classname="BdTest.FirstProject.MyLocator" name="myfirstTest" time="14.934"/>
</testsuite> <!-- BdTest.FirstProject.MyLocator -->
