<?xml version="1.0" encoding="UTF-8"?>
<!-- Generated by org.testng.reporters.JUnitReportReporter -->
<testsuite hostname="AFMLHO-WS02" failures="0" tests="1" name="WebElementTwo.MyLocator" time="12.311" errors="0" timestamp="2024-11-04T12:32:40 BDT" skipped="0">
  <testcase classname="WebElementTwo.MyLocator" name="myfirstTest" time="12.311"/>
</testsuite> <!-- WebElementTwo.MyLocator -->
