<?xml version="1.0" encoding="UTF-8"?>
<!-- Generated by org.testng.reporters.JUnitReportReporter -->
<testsuite hostname="AFMLHO-WS02" failures="0" tests="1" name="locator_learning.Locator" time="16.938" errors="0" timestamp="2024-10-28T16:36:22 BDT" skipped="0">
  <testcase classname="locator_learning.Locator" name="myFirstTest" time="16.938"/>
</testsuite> <!-- locator_learning.Locator -->
